<?xml version="1.0" encoding="UTF-8"?>
<!-- Generated by org.testng.reporters.JUnitReportReporter -->
<testsuite hostname="MyComputer" name="cucumberTestRun.TestRunner" tests="1" failures="0" timestamp="30 Apr 2020 09:26:51 GMT" time="61.792" errors="0">
  <testcase name="feature" time="61.792" classname="cucumberTestRun.TestRunner"/>
</testsuite> <!-- cucumberTestRun.TestRunner -->
