<?xml version="1.0" encoding="UTF-8"?>
<!-- Generated by org.testng.reporters.JUnitReportReporter -->
<testsuite hostname="MyComputer" name="Testcase.LoginTest" tests="2" failures="0" timestamp="30 Apr 2020 07:02:49 GMT" time="12.343" errors="0">
  <testcase name="logintoHome" time="12.202" classname="Testcase.LoginTest"/>
  <testcase name="setup" time="0.141" classname="Testcase.LoginTest"/>
</testsuite> <!-- Testcase.LoginTest -->
